<?xml version="1.0" encoding="UTF-8"?>
<!-- Generated by org.testng.reporters.JUnitReportReporter -->
<testsuite hostname="Unbreakable" failures="0" tests="1" name="day3.PathAndQueryParameters" time="2.696" errors="0" timestamp="2024-08-26T20:00:01 TRT" skipped="0">
  <testcase classname="day3.PathAndQueryParameters" name="testQueryAndPathParameters" time="2.696"/>
</testsuite> <!-- day3.PathAndQueryParameters -->
