<?xml version="1.0" encoding="UTF-8"?>
<!-- Generated by org.testng.reporters.JUnitReportReporter -->
<testsuite hostname="Unbreakable" failures="0" tests="1" name="day3.CookiesDemo" time="2.411" errors="0" timestamp="2024-08-27T20:18:36 TRT" skipped="0">
  <testcase classname="day3.CookiesDemo" name="getCookieInfo" time="2.411"/>
</testsuite> <!-- day3.CookiesDemo -->
