<?xml version="1.0" encoding="UTF-8"?>
<!-- Generated by org.testng.reporters.JUnitReportReporter -->
<testsuite hostname="Unbreakable" failures="0" tests="4" name="day1.HttpRequests" time="4.332" errors="0" timestamp="2024-08-26T13:37:27 TRT" skipped="0">
  <testcase classname="day1.HttpRequests" name="getUsers" time="2.982"/>
  <testcase classname="day1.HttpRequests" name="createUser" time="0.711"/>
  <testcase classname="day1.HttpRequests" name="updateUser" time="0.331"/>
  <testcase classname="day1.HttpRequests" name="deleteUser" time="0.308"/>
</testsuite> <!-- day1.HttpRequests -->
