<?xml version="1.0" encoding="UTF-8"?>
<!-- Generated by org.testng.reporters.JUnitReportReporter -->
<testsuite hostname="Unbreakable" failures="0" tests="2" name="day2.WaysToCreatePostRequestBody" time="2.729" errors="0" timestamp="2024-08-26T17:48:39 TRT" skipped="0">
  <testcase classname="day2.WaysToCreatePostRequestBody" name="testPostUsingExternalJsonFile" time="2.700"/>
  <testcase classname="day2.WaysToCreatePostRequestBody" name="testDelete" time="0.029"/>
</testsuite> <!-- day2.WaysToCreatePostRequestBody -->
