<?xml version="1.0" encoding="UTF-8"?>
<!-- Generated by org.testng.reporters.JUnitReportReporter -->
<testsuite hostname="Unbreakable" failures="0" tests="1" name="day3.LoginDemo" time="2.051" errors="0" timestamp="2024-09-01T18:52:48 TRT" skipped="0">
  <testcase classname="day3.LoginDemo" name="testLogging" time="2.051"/>
</testsuite> <!-- day3.LoginDemo -->
