<?xml version="1.0" encoding="UTF-8"?>
<!-- Generated by org.testng.reporters.JUnitReportReporter -->
<testsuite hostname="Unbreakable" failures="0" tests="2" name="day3.HeadersDemo" time="2.774" errors="0" timestamp="2024-09-01T13:45:32 TRT" skipped="0">
  <testcase classname="day3.HeadersDemo" name="testHeaders" time="2.284"/>
  <testcase classname="day3.HeadersDemo" name="getHeaders" time="0.490"/>
</testsuite> <!-- day3.HeadersDemo -->
